<?xml version="1.0" encoding="UTF-8"?>
<!-- Generated by org.testng.reporters.JUnitReportReporter -->
<testsuite hostname="VivekM" failures="0" tests="1" name="pack1.TestNG1" time="0.031" errors="0" timestamp="2020-12-26T15:48:29 IST" skipped="0">
  <testcase classname="pack1.TestNG1" name="Test1" time="0.031"/>
  <system-out/>
</testsuite> <!-- pack1.TestNG1 -->
